<?xml version="1.0" encoding="UTF-8"?>
<!-- Generated by org.testng.reporters.JUnitXMLReporter -->
<testsuite ignored="0" hostname="LOOTERA" failures="0" tests="1" name="PaymentJourneyTest" time="32.527" errors="0" timestamp="2025-11-13T15:50:56 IST">
  <testcase classname="com.payment.base.BaseClass" name="@BeforeMethod setup" time="32.462">
    <failure type="org.openqa.selenium.TimeoutException" message="timeout: Timed out receiving message from renderer: 28.306
  (Session info: chrome=142.0.7444.60)
Build info: version: &amp;apos;4.20.0&amp;apos;, revision: &amp;apos;866c76ca80&amp;apos;
System info: os.name: &amp;apos;Windows 11&amp;apos;, os.arch: &amp;apos;amd64&amp;apos;, os.version: &amp;apos;10.0&amp;apos;, java.version: &amp;apos;18.0.2.1&amp;apos;
Driver info: org.openqa.selenium.chrome.ChromeDriver
Command: [b5c2bfdc87ee7a6f055cc96a40edfe46, get {url=https://www.flipkart.com/}]
Capabilities {acceptInsecureCerts: false, browserName: chrome, browserVersion: 142.0.7444.60, chrome: {chromedriverVersion: 142.0.7444.162 (c076baf266c..., userDataDir: C:\Users\LENOVO\AppData\Loc...}, fedcm:accounts: true, goog:chromeOptions: {debuggerAddress: localhost:59401}, goog:processID: 9052, networkConnectionEnabled: false, pageLoadStrategy: normal, platformName: windows, proxy: Proxy(), se:cdp: ws://localhost:59401/devtoo..., se:cdpVersion: 142.0.7444.60, setWindowRect: true, strictFileInteractability: false, timeouts: {implicit: 0, pageLoad: 300000, script: 30000}, unhandledPromptBehavior: dismiss and notify, webauthn:extension:credBlob: true, webauthn:extension:largeBlob: true, webauthn:extension:minPinLength: true, webauthn:extension:prf: true, webauthn:virtualAuthenticators: true}
Session ID: b5c2bfdc87ee7a6f055cc96a40edfe46">
      <![CDATA[org.openqa.selenium.TimeoutException: timeout: Timed out receiving message from renderer: 28.306
  (Session info: chrome=142.0.7444.60)
Build info: version: '4.20.0', revision: '866c76ca80'
System info: os.name: 'Windows 11', os.arch: 'amd64', os.version: '10.0', java.version: '18.0.2.1'
Driver info: org.openqa.selenium.chrome.ChromeDriver
Command: [b5c2bfdc87ee7a6f055cc96a40edfe46, get {url=https://www.flipkart.com/}]
Capabilities {acceptInsecureCerts: false, browserName: chrome, browserVersion: 142.0.7444.60, chrome: {chromedriverVersion: 142.0.7444.162 (c076baf266c..., userDataDir: C:\Users\LENOVO\AppData\Loc...}, fedcm:accounts: true, goog:chromeOptions: {debuggerAddress: localhost:59401}, goog:processID: 9052, networkConnectionEnabled: false, pageLoadStrategy: normal, platformName: windows, proxy: Proxy(), se:cdp: ws://localhost:59401/devtoo..., se:cdpVersion: 142.0.7444.60, setWindowRect: true, strictFileInteractability: false, timeouts: {implicit: 0, pageLoad: 300000, script: 30000}, unhandledPromptBehavior: dismiss and notify, webauthn:extension:credBlob: true, webauthn:extension:largeBlob: true, webauthn:extension:minPinLength: true, webauthn:extension:prf: true, webauthn:virtualAuthenticators: true}
Session ID: b5c2bfdc87ee7a6f055cc96a40edfe46
at org.openqa.selenium.remote.ErrorCodec.decode(ErrorCodec.java:167)
at org.openqa.selenium.remote.codec.w3c.W3CHttpResponseCodec.decode(W3CHttpResponseCodec.java:138)
at org.openqa.selenium.remote.codec.w3c.W3CHttpResponseCodec.decode(W3CHttpResponseCodec.java:50)
at org.openqa.selenium.remote.HttpCommandExecutor.execute(HttpCommandExecutor.java:190)
at org.openqa.selenium.remote.service.DriverCommandExecutor.invokeExecute(DriverCommandExecutor.java:216)
at org.openqa.selenium.remote.service.DriverCommandExecutor.execute(DriverCommandExecutor.java:174)
at org.openqa.selenium.remote.RemoteWebDriver.execute(RemoteWebDriver.java:518)
at org.openqa.selenium.remote.RemoteWebDriver.get(RemoteWebDriver.java:300)
at com.payment.base.BaseClass.setup(BaseClass.java:76)
at java.base/java.util.ArrayList.forEach(ArrayList.java:1511)
... Removed 32 stack frames]]>
    </failure>
  </testcase> <!-- @BeforeMethod setup -->
  <testcase classname="com.payment.base.BaseClass" name="@AfterMethod tearDown" time="0.0">
    <skipped/>
  </testcase> <!-- @AfterMethod tearDown -->
  <testcase classname="com.payment.testcase.PaymentTest" name="paymentJourney_LoggedInUser" time="0.0">
    <skipped/>
  </testcase> <!-- paymentJourney_LoggedInUser -->
</testsuite> <!-- PaymentJourneyTest -->
